<?xml version="1.0" encoding="utf-8" standalone="no"?>
<!--This file represents the results of running a test suite-->
<test-results name="C:\Users\sweetyuser\Documents\GitHub\UserMvc_Proj\bin\UserMvc_Proj.dll" total="1" errors="0" failures="0" not-run="0" inconclusive="0" ignored="0" skipped="0" invalid="0" date="2015-08-18" time="14:34:15">
  <environment nunit-version="2.6.4.14350" clr-version="2.0.50727.7905" os-version="Microsoft Windows NT 6.2.9200.0" platform="Win32NT" cwd="C:\Program Files (x86)\NUnit 2.6.4\bin" machine-name="SWEETY" user="sweetyuser" user-domain="SWEETY" />
  <culture-info current-culture="zh-CN" current-uiculture="en-US" />
  <test-suite type="Assembly" name="C:\Users\sweetyuser\Documents\GitHub\UserMvc_Proj\bin\UserMvc_Proj.dll" executed="True" result="Success" success="True" time="1.263" asserts="0">
    <results>
      <test-suite type="Namespace" name="UserMvc_Proj" executed="True" result="Success" success="True" time="1.237" asserts="0">
        <results>
          <test-suite type="Namespace" name="bussiness" executed="True" result="Success" success="True" time="1.237" asserts="0">
            <results>
              <test-suite type="Namespace" name="Test" executed="True" result="Success" success="True" time="1.229" asserts="0">
                <results>
                  <test-suite type="TestFixture" name="UsersTest" executed="True" result="Success" success="True" time="1.225" asserts="0">
                    <results>
                      <test-case name="UserMvc_Proj.bussiness.Test.UsersTest.IOrderTest" executed="True" result="Success" success="True" time="0.249" asserts="1" />
                    </results>
                  </test-suite>
                </results>
              </test-suite>
            </results>
          </test-suite>
        </results>
      </test-suite>
    </results>
  </test-suite>
</test-results>